make -C /lib/modules/3.8.6-1-ARCH/build M=/home/brarrington/Downloads/hammerfs2 modules
make[1]: Entering directory `/usr/src/linux-3.8.6-1-ARCH'
  CC [M]  /home/brarrington/Downloads/hammerfs2/super.o
In file included from /home/brarrington/Downloads/hammerfs2/super.c:14:0:
/home/brarrington/Downloads/hammerfs2/dfly_wrap.h:210:1: warning: data definition has no type or storage class [enabled by default]
 RB_HEAD(buf_rb_tree, buf);
 ^
/home/brarrington/Downloads/hammerfs2/dfly_wrap.h:210:1: warning: type defaults to 'int' in declaration of 'RB_HEAD' [-Wimplicit-int]
/home/brarrington/Downloads/hammerfs2/dfly_wrap.h:210:1: warning: parameter names (without types) in function declaration [enabled by default]
/home/brarrington/Downloads/hammerfs2/dfly_wrap.h:211:1: warning: data definition has no type or storage class [enabled by default]
 RB_HEAD(buf_rb_hash, buf);
 ^
/home/brarrington/Downloads/hammerfs2/dfly_wrap.h:211:1: warning: type defaults to 'int' in declaration of 'RB_HEAD' [-Wimplicit-int]
/home/brarrington/Downloads/hammerfs2/dfly_wrap.h:211:1: warning: parameter names (without types) in function declaration [enabled by default]
/home/brarrington/Downloads/hammerfs2/dfly_wrap.h:566:30: warning: 'struct filedesc' declared inside parameter list [enabled by default]
 struct  file *holdfp (struct filedesc *fdp, int fd, int flag);
                              ^
/home/brarrington/Downloads/hammerfs2/dfly_wrap.h:566:30: warning: its scope is only this definition or declaration, which is probably not what you want [enabled by default]
/home/brarrington/Downloads/hammerfs2/super.c:44:0: warning: "MNT_FORCE" redefined [enabled by default]
 #define MNT_FORCE       0x00080000      /* force unmount or readonly change */
 ^
In file included from /home/brarrington/Downloads/hammerfs2/super.c:6:0:
include/linux/fs.h:1200:0: note: this is the location of the previous definition
 #define MNT_FORCE 0x00000001 /* Attempt to forcibily umount */
 ^
/home/brarrington/Downloads/hammerfs2/super.c: In function 'hammer2_install_volume_header':
/home/brarrington/Downloads/hammerfs2/super.c:211:10: warning: passing argument 1 of 'bread' from incompatible pointer type [enabled by default]
          HAMMER2_VOLUME_BYTES, &bp);
          ^
In file included from /home/brarrington/Downloads/hammerfs2/super.c:14:0:
/home/brarrington/Downloads/hammerfs2/dfly_wrap.h:414:5: note: expected 'struct super_block *' but argument is of type 'struct vnode *'
 int bread (struct super_block*, off_t, int, struct buf **);
     ^
/home/brarrington/Downloads/hammerfs2/super.c:213:4: warning: passing argument 1 of 'brelse' from incompatible pointer type [enabled by default]
    brelse(bp);
    ^
In file included from /home/brarrington/Downloads/hammerfs2/super.c:12:0:
include/linux/buffer_head.h:274:20: note: expected 'struct buffer_head *' but argument is of type 'struct buf *'
 static inline void brelse(struct buffer_head *bh)
                    ^
/home/brarrington/Downloads/hammerfs2/super.c:221:4: warning: passing argument 1 of 'brelse' from incompatible pointer type [enabled by default]
    brelse(bp);
    ^
In file included from /home/brarrington/Downloads/hammerfs2/super.c:12:0:
include/linux/buffer_head.h:274:20: note: expected 'struct buffer_head *' but argument is of type 'struct buf *'
 static inline void brelse(struct buffer_head *bh)
                    ^
/home/brarrington/Downloads/hammerfs2/super.c:229:4: warning: passing argument 1 of 'brelse' from incompatible pointer type [enabled by default]
    brelse(bp);
    ^
In file included from /home/brarrington/Downloads/hammerfs2/super.c:12:0:
include/linux/buffer_head.h:274:20: note: expected 'struct buffer_head *' but argument is of type 'struct buf *'
 static inline void brelse(struct buffer_head *bh)
                    ^
/home/brarrington/Downloads/hammerfs2/super.c:245:4: warning: passing argument 1 of 'brelse' from incompatible pointer type [enabled by default]
    brelse(bp);
    ^
In file included from /home/brarrington/Downloads/hammerfs2/super.c:12:0:
include/linux/buffer_head.h:274:20: note: expected 'struct buffer_head *' but argument is of type 'struct buf *'
 static inline void brelse(struct buffer_head *bh)
                    ^
/home/brarrington/Downloads/hammerfs2/super.c:253:3: warning: passing argument 1 of 'brelse' from incompatible pointer type [enabled by default]
   brelse(bp);
   ^
In file included from /home/brarrington/Downloads/hammerfs2/super.c:12:0:
include/linux/buffer_head.h:274:20: note: expected 'struct buffer_head *' but argument is of type 'struct buf *'
 static inline void brelse(struct buffer_head *bh)
                    ^
/home/brarrington/Downloads/hammerfs2/super.c: In function 'hammerfs_fill_super':
/home/brarrington/Downloads/hammerfs2/super.c:516:4: error: implicit declaration of function 'hammer2_vfs_unmount' [-Werror=implicit-function-declaration]
    hammer2_vfs_unmount(mp, MNT_FORCE);
    ^
/home/brarrington/Downloads/hammerfs2/super.c:567:23: error: 'curproc' undeclared (first use in this function)
  pmp->msg_fp = holdfp(curproc->p_fd, info.cluster_fd, -1);
                       ^
/home/brarrington/Downloads/hammerfs2/super.c:567:23: note: each undeclared identifier is reported only once for each function it appears in
/home/brarrington/Downloads/hammerfs2/super.c:582:2: error: implicit declaration of function 'vfs_getnewfsid' [-Werror=implicit-function-declaration]
  vfs_getnewfsid(mp);
  ^
/home/brarrington/Downloads/hammerfs2/super.c:583:2: error: implicit declaration of function 'vfs_add_vnodeops' [-Werror=implicit-function-declaration]
  vfs_add_vnodeops(mp, &hammer2_vnode_vops, &mp->mnt_vn_norm_ops);
  ^
/home/brarrington/Downloads/hammerfs2/super.c:583:47: error: 'struct mount' has no member named 'mnt_vn_norm_ops'
  vfs_add_vnodeops(mp, &hammer2_vnode_vops, &mp->mnt_vn_norm_ops);
                                               ^
/home/brarrington/Downloads/hammerfs2/super.c:584:46: error: 'struct mount' has no member named 'mnt_vn_spec_ops'
  vfs_add_vnodeops(mp, &hammer2_spec_vops, &mp->mnt_vn_spec_ops);
                                              ^
/home/brarrington/Downloads/hammerfs2/super.c:585:46: error: 'struct mount' has no member named 'mnt_vn_fifo_ops'
  vfs_add_vnodeops(mp, &hammer2_fifo_vops, &mp->mnt_vn_fifo_ops);
                                              ^
/home/brarrington/Downloads/hammerfs2/super.c:587:37: error: 'struct statfs' has no member named 'f_mntfromname'
  copyinstr(info.volume, mp->mnt_stat.f_mntfromname, MNAMELEN - 1, &size);
                                     ^
In file included from /home/brarrington/Downloads/hammerfs2/super.c:14:0:
/home/brarrington/Downloads/hammerfs2/super.c:588:20: error: 'struct statfs' has no member named 'f_mntfromname'
  bzero(mp->mnt_stat.f_mntfromname + size, MNAMELEN - size);
                    ^
/home/brarrington/Downloads/hammerfs2/dfly_wrap.h:549:32: note: in definition of macro 'bzero'
 #define bzero(buf, len) memset(buf, 0, len)
                                ^
/home/brarrington/Downloads/hammerfs2/super.c:589:20: error: 'struct statfs' has no member named 'f_mntonname'
  bzero(mp->mnt_stat.f_mntonname, sizeof(mp->mnt_stat.f_mntonname));
                    ^
/home/brarrington/Downloads/hammerfs2/dfly_wrap.h:549:32: note: in definition of macro 'bzero'
 #define bzero(buf, len) memset(buf, 0, len)
                                ^
/home/brarrington/Downloads/hammerfs2/super.c:589:53: error: 'struct statfs' has no member named 'f_mntonname'
  bzero(mp->mnt_stat.f_mntonname, sizeof(mp->mnt_stat.f_mntonname));
                                                     ^
/home/brarrington/Downloads/hammerfs2/dfly_wrap.h:549:40: note: in definition of macro 'bzero'
 #define bzero(buf, len) memset(buf, 0, len)
                                        ^
/home/brarrington/Downloads/hammerfs2/super.c:590:30: error: 'struct statfs' has no member named 'f_mntonname'
  copyinstr(path, mp->mnt_stat.f_mntonname,
                              ^
/home/brarrington/Downloads/hammerfs2/super.c:591:24: error: 'struct statfs' has no member named 'f_mntonname'
     sizeof(mp->mnt_stat.f_mntonname) - 1,
                        ^
/home/brarrington/Downloads/hammerfs2/super.c: In function 'hammerfs_install_volume':
/home/brarrington/Downloads/hammerfs2/super.c:634:10: warning: passing argument 1 of 'bread' from incompatible pointer type [enabled by default]
          HAMMER2_VOLUME_BYTES, &bp);
          ^
In file included from /home/brarrington/Downloads/hammerfs2/super.c:14:0:
/home/brarrington/Downloads/hammerfs2/dfly_wrap.h:414:5: note: expected 'struct super_block *' but argument is of type 'struct vnode *'
 int bread (struct super_block*, off_t, int, struct buf **);
     ^
/home/brarrington/Downloads/hammerfs2/super.c:636:4: warning: passing argument 1 of 'brelse' from incompatible pointer type [enabled by default]
    brelse(bp);
    ^
In file included from /home/brarrington/Downloads/hammerfs2/super.c:12:0:
include/linux/buffer_head.h:274:20: note: expected 'struct buffer_head *' but argument is of type 'struct buf *'
 static inline void brelse(struct buffer_head *bh)
                    ^
/home/brarrington/Downloads/hammerfs2/super.c:644:4: warning: passing argument 1 of 'brelse' from incompatible pointer type [enabled by default]
    brelse(bp);
    ^
In file included from /home/brarrington/Downloads/hammerfs2/super.c:12:0:
include/linux/buffer_head.h:274:20: note: expected 'struct buffer_head *' but argument is of type 'struct buf *'
 static inline void brelse(struct buffer_head *bh)
                    ^
/home/brarrington/Downloads/hammerfs2/super.c:652:4: warning: passing argument 1 of 'brelse' from incompatible pointer type [enabled by default]
    brelse(bp);
    ^
In file included from /home/brarrington/Downloads/hammerfs2/super.c:12:0:
include/linux/buffer_head.h:274:20: note: expected 'struct buffer_head *' but argument is of type 'struct buf *'
 static inline void brelse(struct buffer_head *bh)
                    ^
/home/brarrington/Downloads/hammerfs2/super.c:668:4: warning: passing argument 1 of 'brelse' from incompatible pointer type [enabled by default]
    brelse(bp);
    ^
In file included from /home/brarrington/Downloads/hammerfs2/super.c:12:0:
include/linux/buffer_head.h:274:20: note: expected 'struct buffer_head *' but argument is of type 'struct buf *'
 static inline void brelse(struct buffer_head *bh)
                    ^
/home/brarrington/Downloads/hammerfs2/super.c:676:3: warning: passing argument 1 of 'brelse' from incompatible pointer type [enabled by default]
   brelse(bp);
   ^
In file included from /home/brarrington/Downloads/hammerfs2/super.c:12:0:
include/linux/buffer_head.h:274:20: note: expected 'struct buffer_head *' but argument is of type 'struct buf *'
 static inline void brelse(struct buffer_head *bh)
                    ^
/home/brarrington/Downloads/hammerfs2/super.c:610:22: warning: unused variable 'bh' [-Wunused-variable]
  struct buffer_head *bh;
                      ^
/home/brarrington/Downloads/hammerfs2/super.c: In function 'hammer2_critical_error':
/home/brarrington/Downloads/hammerfs2/super.c:699:5: error: invalid type argument of '->' (have 'hammer2_mount_t')
  hmp->error = error;
     ^
In file included from /home/brarrington/Downloads/hammerfs2/super.c:14:0:
/home/brarrington/Downloads/hammerfs2/super.c: At top level:
/home/brarrington/Downloads/hammerfs2/dfly_wrap.h:563:21: warning: 'BUF_KERNPROC' declared 'static' but never defined [-Wunused-function]
 static  inline void BUF_KERNPROC(struct buf *bp);
                     ^
/home/brarrington/Downloads/hammerfs2/super.c:608:1: warning: 'hammerfs_install_volume' defined but not used [-Wunused-function]
 hammerfs_install_volume(struct hammer2_mount *hmp, struct super_block *sb)
 ^
cc1: some warnings being treated as errors
make[2]: *** [/home/brarrington/Downloads/hammerfs2/super.o] Error 1
make[1]: *** [_module_/home/brarrington/Downloads/hammerfs2] Error 2
make[1]: Leaving directory `/usr/src/linux-3.8.6-1-ARCH'
make: *** [all] Error 2
